0 info it worked if it ends with ok
1 verbose cli [ 'node', '/usr/local/bin/npm', 'publish' ]
2 info using npm@2.7.4
3 info using node@v0.12.2
4 verbose publish [ '.' ]
5 silly cache add args [ '.', null ]
6 verbose cache add spec .
7 silly cache add parsed spec { raw: '.',
7 silly cache add   scope: null,
7 silly cache add   name: null,
7 silly cache add   rawSpec: '.',
7 silly cache add   spec: '/Users/tylernappy/node_projects/iod-node',
7 silly cache add   type: 'directory' }
8 verbose addLocalDirectory /Users/tylernappy/.npm/iod-node/0.1.1/package.tgz not in flight; packing
9 verbose tar pack [ '/Users/tylernappy/.npm/iod-node/0.1.1/package.tgz',
9 verbose tar pack   '/Users/tylernappy/node_projects/iod-node' ]
10 verbose tarball /Users/tylernappy/.npm/iod-node/0.1.1/package.tgz
11 verbose folder /Users/tylernappy/node_projects/iod-node
12 info prepublish iod-node@0.1.1
13 verbose addLocalTarball adding from inside cache /Users/tylernappy/.npm/iod-node/0.1.1/package.tgz
14 silly cache afterAdd iod-node@0.1.1
15 verbose afterAdd /Users/tylernappy/.npm/iod-node/0.1.1/package/package.json not in flight; writing
16 verbose afterAdd /Users/tylernappy/.npm/iod-node/0.1.1/package/package.json written
17 silly publish { name: 'iod-node',
17 silly publish   version: '0.1.1',
17 silly publish   description: 'Idol OnDemand node client',
17 silly publish   main: 'index.js',
17 silly publish   dependencies: { needle: '^0.7.10' },
17 silly publish   devDependencies: {},
17 silly publish   scripts: { test: 'node test.js' },
17 silly publish   author: { name: 'Martin Zerbib' },
17 silly publish   license: 'MIT',
17 silly publish   readme: '# Node JS client library for IDOL OnDemand\n\nBasic library to help with calling IDOL OnDemand APIs [http://idolondemand.com](http://idolondemand.com)\n\n### Installation\n```\nnpm install iod-node\n```\nIf you want to install the latest module directly from Github, use the following command:\n```\nnpm install git+https://github.com/HP-IDOL-OnDemand/iod-node\n```\n\n### Include it\n\n```js\nvar iod = require(\'iod-node\')\nclient = new iod.IODClient(\'http://api.idolondemand.com\',\'apikey\')\n```\n\n### Callbacks\n\n```js\nvar callback = function(err,resp,body){\n  console.log(body)\n}\n```\n\nWe can define our callbacks as functions and pass them as arguments\n\n```js\nvar data = {\'text\' : \'I like cats\'}\nclient.call(\'analyzesentiment\', callback, data)\n```\nOr, we can use the .on(\'data\') hook to do the same thing.\n\n```js\nclient.call(\'analyzesentiment\',data).on(\'data\',callback)\n```\n\nThe order of the arguments after the API name don\'t matter when passed, so all of these are the equivalent.\n\n```js\n//1\nclient.call(\'analyzesentiment\', data, callback)\n//2\nclient.call(data, \'analyzesentiment\', callback)\n//3\nclient.call(data, callback, \'analyzesentiment\')\n```\n\n\n### Async calls\n\nWhile node will mostly deal with things asynchronously, IDOL OnDemand offers server side asynchronous call method which should be used with large files and slow queries. Pass a boolean for the async parameter.\n\n```js\nclient.call(\'analyzesentiment\', data, callback, true)\n```\n\n### Posting files\n\nFile posting is handled using the "file" parameter name which is used for all current file postings in IDOL OnDemand\n\n```js\nvar data={\'file\' : \'test.txt\'}\nclient.call(\'analyzesentiment\', data, callback)\n```\n',
17 silly publish   readmeFilename: 'README.md',
17 silly publish   gitHead: 'ccaf73d5fcfcab2fd6036403437fe0069c59056e',
17 silly publish   _id: 'iod-node@0.1.1',
17 silly publish   _shasum: '3e4e6a3b836b9e11fbe93dd09785171d4b0e8e50',
17 silly publish   _from: '.' }
18 silly mapToRegistry name iod-node
19 silly mapToRegistry using default registry
20 silly mapToRegistry registry https://registry.npmjs.org/
21 silly mapToRegistry uri https://registry.npmjs.org/iod-node
22 verbose publish registryBase https://registry.npmjs.org/
23 silly publish uploading /Users/tylernappy/.npm/iod-node/0.1.1/package.tgz
24 verbose request uri https://registry.npmjs.org/iod-node
25 verbose request sending authorization for write operation
26 info attempt registry request try #1 at 1:58:40 PM
27 verbose request using bearer token for auth
28 verbose request id 6d67e8b7db7c85ed
29 http request PUT https://registry.npmjs.org/iod-node
30 http 403 https://registry.npmjs.org/iod-node
31 verbose headers { 'content-type': 'application/json',
31 verbose headers   'cache-control': 'max-age=60',
31 verbose headers   'content-length': '95',
31 verbose headers   'accept-ranges': 'bytes',
31 verbose headers   date: 'Tue, 22 Sep 2015 17:58:42 GMT',
31 verbose headers   via: '1.1 varnish',
31 verbose headers   connection: 'keep-alive',
31 verbose headers   'x-served-by': 'cache-iad2136-IAD',
31 verbose headers   'x-cache': 'MISS',
31 verbose headers   'x-cache-hits': '0',
31 verbose headers   'x-timer': 'S1442944721.773050,VS0,VE720' }
32 verbose request invalidating /Users/tylernappy/.npm/registry.npmjs.org/iod-node on PUT
33 error publish Failed PUT 403
34 verbose stack Error: "You cannot publish over the previously published version 0.1.1." : iod-node
34 verbose stack     at CachingRegistryClient.<anonymous> (/usr/local/lib/node_modules/npm/node_modules/npm-registry-client/lib/request.js:247:14)
34 verbose stack     at Request._callback (/usr/local/lib/node_modules/npm/node_modules/npm-registry-client/lib/request.js:170:14)
34 verbose stack     at Request.self.callback (/usr/local/lib/node_modules/npm/node_modules/request/request.js:344:22)
34 verbose stack     at Request.emit (events.js:110:17)
34 verbose stack     at Request.<anonymous> (/usr/local/lib/node_modules/npm/node_modules/request/request.js:1239:14)
34 verbose stack     at Request.emit (events.js:129:20)
34 verbose stack     at IncomingMessage.<anonymous> (/usr/local/lib/node_modules/npm/node_modules/request/request.js:1187:12)
34 verbose stack     at IncomingMessage.emit (events.js:129:20)
34 verbose stack     at _stream_readable.js:908:16
34 verbose stack     at process._tickCallback (node.js:355:11)
35 verbose statusCode 403
36 verbose pkgid iod-node
37 verbose cwd /Users/tylernappy/node_projects/iod-node
38 error Darwin 14.3.0
39 error argv "node" "/usr/local/bin/npm" "publish"
40 error node v0.12.2
41 error npm  v2.7.4
42 error code E403
43 error "You cannot publish over the previously published version 0.1.1." : iod-node
44 error If you need help, you may report this error at:
44 error     <https://github.com/npm/npm/issues>
45 verbose exit [ 1, true ]
